#
# There is insufficient memory for the Java Runtime Environment to continue.
# Native memory allocation (malloc) failed to allocate 1048576 bytes for AllocateHeap
# Possible reasons:
#   The system is out of physical RAM or swap space
#   In 32 bit mode, the process size limit was hit
# Possible solutions:
#   Reduce memory load on the system
#   Increase physical memory or swap space
#   Check if swap backing store is full
#   Use 64 bit Java on a 64 bit OS
#   Decrease Java heap size (-Xmx/-Xms)
#   Decrease number of Java threads
#   Decrease Java thread stack sizes (-Xss)
#   Set larger code cache with -XX:ReservedCodeCacheSize=
# This output file may be truncated or incomplete.
#
#  Out of Memory Error (memory/allocation.inline.hpp:61), pid=159004, tid=0x000000000001d640
#
# JRE version:  (8.0) (build )
# Java VM: OpenJDK 64-Bit Server VM (25.71-b00 mixed mode windows-amd64 compressed oops)
# Failed to write core dump. Minidumps are not enabled by default on client versions of Windows
#

---------------  T H R E A D  ---------------

Current thread (0x0000000002c10800):  JavaThread "Unknown thread" [_thread_in_vm, id=120384, stack(0x0000000002a20000,0x0000000002b20000)]

Stack: [0x0000000002a20000,0x0000000002b20000]
[error occurred during error reporting (printing stack bounds), id 0xc0000005]

Native frames: (J=compiled Java code, j=interpreted, Vv=VM code, C=native code)


---------------  P R O C E S S  ---------------

Java Threads: ( => current thread )

Other Threads:

=>0x0000000002c10800 (exited) JavaThread "Unknown thread" [_thread_in_vm, id=120384, stack(0x0000000002a20000,0x0000000002b20000)]

VM state:not at safepoint (normal execution)

VM Mutex/Monitor currently owned by a thread: None

Heap:
 PSYoungGen      total 37888K, used 655K [0x00000000d6700000, 0x00000000d9100000, 0x0000000100000000)
  eden space 32768K, 2% used [0x00000000d6700000,0x00000000d67a3d80,0x00000000d8700000)
  from space 5120K, 0% used [0x00000000d8c00000,0x00000000d8c00000,0x00000000d9100000)
  to   space 5120K, 0% used [0x00000000d8700000,0x00000000d8700000,0x00000000d8c00000)
 ParOldGen       total 86016K, used 0K [0x0000000083400000, 0x0000000088800000, 0x00000000d6700000)
  object space 86016K, 0% used [0x0000000083400000,0x0000000083400000,0x0000000088800000)
 Metaspace       used 777K, capacity 4480K, committed 4480K, reserved 1056768K
  class space    used 74K, capacity 384K, committed 384K, reserved 1048576K

Card table byte_map: [0x00000000120d0000,0x00000000124c0000] byte_map_base: 0x0000000011cb6000

Marking Bits: (ParMarkBitMap*) 0x00000000532abe50
 Begin Bits: [0x0000000012f60000, 0x0000000014e90000)
 End Bits:   [0x0000000014e90000, 0x0000000016dc0000)

Polling page: 0x00000000029c0000

CodeCache: size=245760Kb used=328Kb max_used=328Kb free=245431Kb
 bounds [0x0000000002d10000, 0x0000000002f80000, 0x0000000011d10000]
 total_blobs=57 nmethods=0 adapters=38
 compilation: enabled

Compilation events (0 events):
No events

GC Heap History (0 events):
No events

Deoptimization events (0 events):
No events

Classes redefined (0 events):
No events

Internal exceptions (0 events):
No events

Events (10 events):
Event: 0.014 loading class java/lang/Short
Event: 0.014 loading class java/lang/Short done
Event: 0.014 loading class java/lang/Integer
Event: 0.014 loading class java/lang/Integer done
Event: 0.014 loading class java/lang/Long
Event: 0.014 loading class java/lang/Long done
Event: 0.014 loading class java/lang/NullPointerException
Event: 0.014 loading class java/lang/NullPointerException done
Event: 0.014 loading class java/lang/ArithmeticException
Event: 0.014 loading class java/lang/ArithmeticException done


Dynamic libraries:
0x00007ff6c4630000 - 0x00007ff6c4665000 	C:\Program Files\Unity\Hub\Editor\2020.3.26f1\Editor\Data\PlaybackEngines\AndroidPlayer\OpenJDK\bin\java.exe
0x00007ffaabdb0000 - 0x00007ffaabfa5000 	C:\Windows\SYSTEM32\ntdll.dll
0x00007ffaab4d0000 - 0x00007ffaab58e000 	C:\Windows\System32\KERNEL32.DLL
0x00007ffaa98e0000 - 0x00007ffaa9ba8000 	C:\Windows\System32\KERNELBASE.dll
0x00007ffaab7c0000 - 0x00007ffaab86e000 	C:\Windows\System32\ADVAPI32.dll
0x00007ffaab870000 - 0x00007ffaab90e000 	C:\Windows\System32\msvcrt.dll
0x00007ffaabb20000 - 0x00007ffaabbbc000 	C:\Windows\System32\sechost.dll
0x00007ffaaa8c0000 - 0x00007ffaaa9e5000 	C:\Windows\System32\RPCRT4.dll
0x00007ffaab610000 - 0x00007ffaab7b1000 	C:\Windows\System32\USER32.dll
0x00007ffaa94c0000 - 0x00007ffaa94e2000 	C:\Windows\System32\win32u.dll
0x00007ffaab910000 - 0x00007ffaab93b000 	C:\Windows\System32\GDI32.dll
0x00007ffaa97d0000 - 0x00007ffaa98dd000 	C:\Windows\System32\gdi32full.dll
0x00007ffaa95a0000 - 0x00007ffaa963d000 	C:\Windows\System32\msvcp_win.dll
0x00007ffaa9640000 - 0x00007ffaa9740000 	C:\Windows\System32\ucrtbase.dll
0x00007ffa993a0000 - 0x00007ffa9963a000 	C:\Windows\WinSxS\amd64_microsoft.windows.common-controls_6595b64144ccf1df_6.0.19041.1110_none_60b5254171f9507e\COMCTL32.dll
0x00007ffaaa890000 - 0x00007ffaaa8c0000 	C:\Windows\System32\IMM32.DLL
0x0000000053950000 - 0x0000000053a22000 	C:\Program Files\Unity\Hub\Editor\2020.3.26f1\Editor\Data\PlaybackEngines\AndroidPlayer\OpenJDK\jre\bin\msvcr100.dll
0x0000000052ae0000 - 0x0000000053329000 	C:\Program Files\Unity\Hub\Editor\2020.3.26f1\Editor\Data\PlaybackEngines\AndroidPlayer\OpenJDK\jre\bin\server\jvm.dll
0x00007ffaaaee0000 - 0x00007ffaaaee8000 	C:\Windows\System32\PSAPI.DLL
0x00007ffa88a20000 - 0x00007ffa88a29000 	C:\Windows\SYSTEM32\WSOCK32.dll
0x00007ffa9aba0000 - 0x00007ffa9abc7000 	C:\Windows\SYSTEM32\WINMM.dll
0x00007ffa9e160000 - 0x00007ffa9e16a000 	C:\Windows\SYSTEM32\VERSION.dll
0x00007ffaaaef0000 - 0x00007ffaaaf5b000 	C:\Windows\System32\WS2_32.dll
0x00007ffaa1280000 - 0x00007ffaa128f000 	C:\Program Files\Unity\Hub\Editor\2020.3.26f1\Editor\Data\PlaybackEngines\AndroidPlayer\OpenJDK\jre\bin\verify.dll
0x00007ffa636a0000 - 0x00007ffa636c9000 	C:\Program Files\Unity\Hub\Editor\2020.3.26f1\Editor\Data\PlaybackEngines\AndroidPlayer\OpenJDK\jre\bin\java.dll
0x00007ffa60be0000 - 0x00007ffa60bf6000 	C:\Program Files\Unity\Hub\Editor\2020.3.26f1\Editor\Data\PlaybackEngines\AndroidPlayer\OpenJDK\jre\bin\zip.dll

VM Arguments:
java_command: <unknown>
java_class_path (initial): .
Launcher Type: SUN_STANDARD

Environment Variables:
JAVA_HOME=C:/Program Files/Unity/Hub/Editor/2020.3.26f1/Editor/Data/PlaybackEngines/AndroidPlayer\OpenJDK
PATH=C:\Program Files (x86)\Common Files\Oracle\Java\javapath;C:\Windows\system32;C:\Windows;C:\Windows\System32\Wbem;C:\Windows\System32\WindowsPowerShell\v1.0\;C:\Windows\System32\OpenSSH\;C:\Program Files\Git\cmd;C:\Users\owl\AppData\Local\Microsoft\WindowsApps;C:\Users\owl\AppData\Local\GitHubDesktop\bin;C:\Program Files\JetBrains\JetBrains Rider 2020.2.4\bin;
USERNAME=owl
OS=Windows_NT
PROCESSOR_IDENTIFIER=Intel64 Family 6 Model 165 Stepping 2, GenuineIntel



---------------  S Y S T E M  ---------------

OS: Windows 10.0 , 64 bit Build 19041 (10.0.19041.1466)

CPU:total 8 (initial active 8) (4 cores per cpu, 2 threads per core) family 6 model 165 stepping 2, cmov, cx8, fxsr, mmx, sse, sse2, sse3, ssse3, sse4.1, sse4.2, popcnt, avx, avx2, aes, clmul, erms, 3dnowpref, lzcnt, ht, tsc, tscinvbit, bmi1, bmi2, adx

Memory: 4k page, physical 8170776k(332568k free), swap 23515924k(6032k free)

vm_info: OpenJDK 64-Bit Server VM (25.71-b00) for windows-amd64 JRE (1.8.0-adoptopenjdk-_2018_05_19_00_59-b00), built on May 19 2018 01:02:12 by "jenkins" with MS VC++ 10.0 (VS2010)

time: Tue Jan 25 15:38:39 2022
elapsed time: 0 seconds (0d 0h 0m 0s)

